
====================================================================================================
TIMESTAMP             | REQUEST ID                           | METHOD | STATUS | TIME  | URL
----------------------------------------------------------------------------------------------------
2025-11-07 10:41:28   | 1d6e46d0-be92-452c-aeb6-6027ac355cfa | POST   | 200    | 106ms | /api/users/login
Body:                                                        || Response:
{                                                            || {
  "email": "vora@example.com",                               ||   "success": true,
  "password": "***HIDDEN***"                                 ||   "message": "Login Successfull",
}                                                            ||   "data": {
                                                             ||     "user": {
                                                             ||       "_id": "690c9d20b6885487f94046c1",
                                                             ||       "name": "Kevan Vora",
                                                             ||       "email": "vora@example.com",
                                                             ||       "age": 27,
                                                             ||       "userType": "Admin",
                                                             ||       "createdAt": "2025-11-06T13:05:36.636Z",
                                                             ||       "updatedAt": "2025-11-07T09:58:54.620Z",
                                                             ||       "__v": 0
                                                             ||     },
                                                             ||     "token": "eyJhbGciOiJIUzI1NiIsInR5cCI6IkpXVCJ9.eyJpZCI6IjY5MGM5ZDIwYjY4ODU0ODdmOTQwNDZjMSIsImVtYWlsIjoidm9yYUBleGFtcGxlLmNvbSIsImlhdCI6MTc2MjUxMjA4OCwiZXhwIjoxNzYyNTk4NDg4fQ.yMLpl8sfTqF-RtwL9ea30l64vPnZ396deK9JMU0vfWk"
                                                             ||   }
                                                             || }
====================================================================================================

====================================================================================================
TIMESTAMP             | REQUEST ID                           | METHOD | STATUS | TIME  | URL
----------------------------------------------------------------------------------------------------
2025-11-07 10:41:41   | a9a476e2-9012-4a6e-ab43-26008f8b8624 | POST   | 200    | 96ms  | /api/users/login
Body:                                                        || Response:
{                                                            || {
  "email": "vora@example.com",                               ||   "success": true,
  "password": "***HIDDEN***"                                 ||   "message": "Login Successfull",
}                                                            ||   "data": {
                                                             ||     "user": {
                                                             ||       "_id": "690c9d20b6885487f94046c1",
                                                             ||       "name": "Kevan Vora",
                                                             ||       "email": "vora@example.com",
                                                             ||       "age": 27,
                                                             ||       "userType": "Admin",
                                                             ||       "createdAt": "2025-11-06T13:05:36.636Z",
                                                             ||       "updatedAt": "2025-11-07T09:58:54.620Z",
                                                             ||       "__v": 0
                                                             ||     },
                                                             ||     "token": "eyJhbGciOiJIUzI1NiIsInR5cCI6IkpXVCJ9.eyJpZCI6IjY5MGM5ZDIwYjY4ODU0ODdmOTQwNDZjMSIsImVtYWlsIjoidm9yYUBleGFtcGxlLmNvbSIsImlhdCI6MTc2MjUxMjEwMSwiZXhwIjoxNzYyNTk4NTAxfQ.yuXniOFUyVhiLmlfX1dMfPQ8slwcn32Gis7O2aqJRU8"
                                                             ||   }
                                                             || }
====================================================================================================

====================================================================================================
TIMESTAMP             | REQUEST ID                           | METHOD | STATUS | TIME  | URL
----------------------------------------------------------------------------------------------------
2025-11-07 10:42:08   | 856ad9e3-403d-492c-a5f1-a628e22fd553 | POST   | 200    | 89ms  | /api/users/login
Body:                                                        || Response:
{                                                            || {
  "email": "vora@example.com",                               ||   "success": true,
  "password": "***HIDDEN***"                                 ||   "message": "Login Successfull",
}                                                            ||   "data": {
                                                             ||     "user": {
                                                             ||       "_id": "690c9d20b6885487f94046c1",
                                                             ||       "name": "Kevan Vora",
                                                             ||       "email": "vora@example.com",
                                                             ||       "age": 27,
                                                             ||       "userType": "Admin",
                                                             ||       "createdAt": "2025-11-06T13:05:36.636Z",
                                                             ||       "updatedAt": "2025-11-07T09:58:54.620Z",
                                                             ||       "__v": 0
                                                             ||     },
                                                             ||     "token": "eyJhbGciOiJIUzI1NiIsInR5cCI6IkpXVCJ9.eyJpZCI6IjY5MGM5ZDIwYjY4ODU0ODdmOTQwNDZjMSIsImVtYWlsIjoidm9yYUBleGFtcGxlLmNvbSIsImlhdCI6MTc2MjUxMjEyOCwiZXhwIjoxNzYyNTk4NTI4fQ.R3zlBgysyz-kmlQsHhkEuGrJDWj4YLvV4dFujAvv_8A"
                                                             ||   }
                                                             || }
====================================================================================================

====================================================================================================
TIMESTAMP             | REQUEST ID                           | METHOD | STATUS | TIME  | URL
----------------------------------------------------------------------------------------------------
2025-11-07 10:57:29   | e1d09da4-4b40-49f9-822e-b82bf6c7b031 | POST   | 401    | 7ms   | /api/users/save-fcm
Body:                                                        || Response:
{}                                                           || {
                                                             ||   "success": false,
                                                             ||   "message": "Your are not authorises to access the apis, please authorised and try again."
                                                             || }
====================================================================================================

====================================================================================================
TIMESTAMP             | REQUEST ID                           | METHOD | STATUS | TIME  | URL
----------------------------------------------------------------------------------------------------
2025-11-07 10:57:40   | 84480b41-c091-4b7a-a799-7807deda5815 | POST   | 201    | 29ms  | /api/users/save-fcm
Body:                                                        || Response:
{}                                                           || {
                                                             ||   "success": false,
                                                             ||   "message": "Cannot destructure property 'fcm_token' of 'req.body' as it is undefined."
                                                             || }
====================================================================================================

====================================================================================================
TIMESTAMP             | REQUEST ID                           | METHOD | STATUS | TIME  | URL
----------------------------------------------------------------------------------------------------
2025-11-07 10:58:23   | eb9f2caa-8100-438b-9116-4bdbf38e2645 | POST   | 200    | 40ms  | /api/users/save-fcm
Body:                                                        || Response:
{}                                                           || {
                                                             ||   "succss": false,
                                                             ||   "message": "FCM token is required"
                                                             || }
====================================================================================================

====================================================================================================
TIMESTAMP             | REQUEST ID                           | METHOD | STATUS | TIME  | URL
----------------------------------------------------------------------------------------------------
2025-11-07 10:58:40   | e0060b81-7a8c-4a43-a3ca-2bc25a14cf90 | POST   | 200    | 19ms  | /api/users/save-fcm?fcm_token=%22sfsdsadfasdfs%22
Body:                                                        || Response:
{}                                                           || {
                                                             ||   "succss": false,
                                                             ||   "message": "FCM token is required"
                                                             || }
====================================================================================================

====================================================================================================
TIMESTAMP             | REQUEST ID                           | METHOD | STATUS | TIME  | URL
----------------------------------------------------------------------------------------------------
2025-11-07 10:58:53   | c87263f9-7ae0-4f86-9927-3d2ef132df6a | POST   | 200    | 25ms  | /api/users/save-fcm
Body:                                                        || Response:
{}                                                           || {
                                                             ||   "succss": false,
                                                             ||   "message": "FCM token is required"
                                                             || }
====================================================================================================

====================================================================================================
TIMESTAMP             | REQUEST ID                           | METHOD | STATUS | TIME  | URL
----------------------------------------------------------------------------------------------------
2025-11-07 10:58:54   | 754a8fae-2391-42af-b90f-04ad86c5d917 | POST   | 200    | 18ms  | /api/users/save-fcm
Body:                                                        || Response:
{}                                                           || {
                                                             ||   "succss": false,
                                                             ||   "message": "FCM token is required"
                                                             || }
====================================================================================================

====================================================================================================
TIMESTAMP             | REQUEST ID                           | METHOD | STATUS | TIME  | URL
----------------------------------------------------------------------------------------------------
2025-11-07 10:58:55   | 590e95fe-1881-4609-b65e-480f50d86e8c | POST   | 200    | 25ms  | /api/users/save-fcm
Body:                                                        || Response:
{}                                                           || {
                                                             ||   "succss": false,
                                                             ||   "message": "FCM token is required"
                                                             || }
====================================================================================================

====================================================================================================
TIMESTAMP             | REQUEST ID                           | METHOD | STATUS | TIME  | URL
----------------------------------------------------------------------------------------------------
2025-11-07 10:58:56   | b2fe6a29-5a6f-4fbf-ad78-2f928c708f11 | POST   | 200    | 22ms  | /api/users/save-fcm
Body:                                                        || Response:
{}                                                           || {
                                                             ||   "succss": false,
                                                             ||   "message": "FCM token is required"
                                                             || }
====================================================================================================

====================================================================================================
TIMESTAMP             | REQUEST ID                           | METHOD | STATUS | TIME  | URL
----------------------------------------------------------------------------------------------------
2025-11-07 11:00:26   | 3a1a5259-9f4d-40fa-98b2-e953dcea806a | POST   | 201    | 54ms  | /api/users/save-fcm
Body:                                                        || Response:
{}                                                           || {
                                                             ||   "success": false,
                                                             ||   "message": "Cannot destructure property 'body' of 'req.body' as it is undefined."
                                                             || }
====================================================================================================

====================================================================================================
TIMESTAMP             | REQUEST ID                           | METHOD | STATUS | TIME  | URL
----------------------------------------------------------------------------------------------------
2025-11-07 11:00:49   | fac93364-05f4-41d5-9c79-d240f3d8af28 | POST   | 200    | 27ms  | /api/users/save-fcm
Body:                                                        || Response:
{                                                            || {
  "fcm_token": "asfasfsadf"                                  ||   "succss": false,
}                                                            ||   "message": "FCM token is required"
                                                             || }
====================================================================================================

====================================================================================================
TIMESTAMP             | REQUEST ID                           | METHOD | STATUS | TIME  | URL
----------------------------------------------------------------------------------------------------
2025-11-07 11:01:47   | aa575ec8-ad59-47c2-a5bb-fa58dec6cd4d | POST   | 200    | 100ms | /api/users/save-fcm
Body:                                                        || Response:
{                                                            || {
  "fcmToken": "asfasfsadf"                                   ||   "success": true,
}                                                            ||   "message": "FCM token saved successfully",
                                                             ||   "data": {
                                                             ||     "_id": "690c9d20b6885487f94046c1",
                                                             ||     "name": "Kevan Vora",
                                                             ||     "email": "vora@example.com",
                                                             ||     "age": 27,
                                                             ||     "userType": "Admin",
                                                             ||     "createdAt": "2025-11-06T13:05:36.636Z",
                                                             ||     "updatedAt": "2025-11-07T09:58:54.620Z",
                                                             ||     "__v": 0,
                                                             ||     "fcmToken": "asfasfsadf"
                                                             ||   }
                                                             || }
====================================================================================================

====================================================================================================
TIMESTAMP             | REQUEST ID                           | METHOD | STATUS | TIME  | URL
----------------------------------------------------------------------------------------------------
2025-11-07 11:02:20   | 36a73139-88b8-4b59-8c4f-87af2a752cbe | POST   | 200    | 66ms  | /api/users/save-fcm
Body:                                                        || Response:
{                                                            || {
  "fcmToken": "asfasfsadf"                                   ||   "success": true,
}                                                            ||   "message": "FCM token saved successfully",
                                                             ||   "data": {
                                                             ||     "_id": "690c9d20b6885487f94046c1",
                                                             ||     "name": "Kevan Vora",
                                                             ||     "email": "vora@example.com",
                                                             ||     "age": 27,
                                                             ||     "userType": "Admin",
                                                             ||     "createdAt": "2025-11-06T13:05:36.636Z",
                                                             ||     "updatedAt": "2025-11-07T11:01:47.957Z",
                                                             ||     "__v": 0,
                                                             ||     "fcmToken": "asfasfsadf"
                                                             ||   }
                                                             || }
====================================================================================================

====================================================================================================
TIMESTAMP             | REQUEST ID                           | METHOD | STATUS | TIME  | URL
----------------------------------------------------------------------------------------------------
2025-11-07 11:09:32   | de26690c-e85d-47c6-94d3-bfda1cbd8962 | POST   | 400    | 41ms  | /api/users/logout
Body:                                                        || Response:
{}                                                           || {
                                                             ||   "success": false,
                                                             ||   "message": "Route not found"
                                                             || }
====================================================================================================

====================================================================================================
TIMESTAMP             | REQUEST ID                           | METHOD | STATUS | TIME  | URL
----------------------------------------------------------------------------------------------------
2025-11-07 11:09:51   | 9af84bf3-7626-4ae5-ab18-8bfbea66ae1a | POST   | 400    | 51ms  | /api/users/logout
Body:                                                        || Response:
{}                                                           || {
                                                             ||   "success": false,
                                                             ||   "message": "Route not found"
                                                             || }
====================================================================================================

====================================================================================================
TIMESTAMP             | REQUEST ID                           | METHOD | STATUS | TIME  | URL
----------------------------------------------------------------------------------------------------
2025-11-07 11:10:14   | ba1797e4-392b-4a02-9b5a-5fcb3627ae03 | PATCH  | 200    | 57ms  | /api/users/logout
Body:                                                        || Response:
{}                                                           || {
                                                             ||   "success": true,
                                                             ||   "message": "User logged out successfully.",
                                                             ||   "data": {
                                                             ||     "_id": "690c9d20b6885487f94046c1",
                                                             ||     "name": "Kevan Vora",
                                                             ||     "email": "vora@example.com",
                                                             ||     "age": 27,
                                                             ||     "userType": "Admin",
                                                             ||     "createdAt": "2025-11-06T13:05:36.636Z",
                                                             ||     "updatedAt": "2025-11-07T11:01:47.957Z",
                                                             ||     "__v": 0
                                                             ||   }
                                                             || }
====================================================================================================

====================================================================================================
TIMESTAMP             | REQUEST ID                           | METHOD | STATUS | TIME  | URL
----------------------------------------------------------------------------------------------------
2025-11-07 11:11:17   | 17f07d29-0714-4da1-a537-dbaa56e1c70b | POST   | 400    | 34ms  | /api/users/create-user
Body:                                                        || Response:
{                                                            || {
  "name": "Kevan Vora",                                      ||   "success": false,
  "email": "vora@example.com",                               ||   "message": "User already exists"
  "password": "***HIDDEN***",                                || }
  "userType": "Admin",                                       || 
  "age": 27                                                  || 
}                                                            || 
====================================================================================================

====================================================================================================
TIMESTAMP             | REQUEST ID                           | METHOD | STATUS | TIME  | URL
----------------------------------------------------------------------------------------------------
2025-11-07 11:11:22   | a229dd5a-7c1e-4397-8de9-914d214b43f2 | GET    | 200    | 98ms  | /api/users/get-all-users/
Body:                                                        || Response:
{}                                                           || {
                                                             ||   "success": true,
                                                             ||   "message": "Users fetched successfully",
                                                             ||   "data": [
                                                             ||     {
                                                             ||       "_id": "690c9d20b6885487f94046c1",
                                                             ||       "name": "Kevan Vora",
                                                             ||       "email": "vora@example.com",
                                                             ||       "age": 27,
                                                             ||       "userType": "Admin",
                                                             ||       "createdAt": "2025-11-06T13:05:36.636Z",
                                                             ||       "updatedAt": "2025-11-07T11:01:47.957Z",
                                                             ||       "__v": 0,
                                                             ||       "fcmToken": "asfasfsadf"
                                                             ||     },
                                                             ||     {
                                                             ||       "_id": "690da4c38d8d6922bbaaf8c9",
                                                             ||       "name": "Dilshad",
                                                             ||       "email": "dalam@gmail.com",
                                                             ||       "userType": "Admin",
                                                             ||       "createdAt": "2025-11-07T07:50:27.926Z",
                                                             ||       "updatedAt": "2025-11-07T07:50:27.926Z",
                                                             ||       "__v": 0
                                                             ||     }
                                                             ||   ]
                                                             || }
====================================================================================================

====================================================================================================
TIMESTAMP             | REQUEST ID                           | METHOD | STATUS | TIME  | URL
----------------------------------------------------------------------------------------------------
2025-11-07 11:11:29   | fa44cd00-6b23-4491-b22e-152d9b773d25 | GET    | 200    | 64ms  | /api/users/get-all-users/
Body:                                                        || Response:
{}                                                           || {
                                                             ||   "success": true,
                                                             ||   "message": "Users fetched successfully",
                                                             ||   "data": [
                                                             ||     {
                                                             ||       "_id": "690c9d20b6885487f94046c1",
                                                             ||       "name": "Kevan Vora",
                                                             ||       "email": "vora@example.com",
                                                             ||       "age": 27,
                                                             ||       "userType": "Admin",
                                                             ||       "createdAt": "2025-11-06T13:05:36.636Z",
                                                             ||       "updatedAt": "2025-11-07T11:01:47.957Z",
                                                             ||       "__v": 0,
                                                             ||       "fcmToken": "asfasfsadf"
                                                             ||     },
                                                             ||     {
                                                             ||       "_id": "690da4c38d8d6922bbaaf8c9",
                                                             ||       "name": "Dilshad",
                                                             ||       "email": "dalam@gmail.com",
                                                             ||       "userType": "Admin",
                                                             ||       "createdAt": "2025-11-07T07:50:27.926Z",
                                                             ||       "updatedAt": "2025-11-07T07:50:27.926Z",
                                                             ||       "__v": 0
                                                             ||     }
                                                             ||   ]
                                                             || }
====================================================================================================

====================================================================================================
TIMESTAMP             | REQUEST ID                           | METHOD | STATUS | TIME  | URL
----------------------------------------------------------------------------------------------------
2025-11-07 11:11:31   | bfb06c55-dc67-404b-bafa-30d605b5a744 | GET    | 200    | 241ms | /api/users/get-all-users/
Body:                                                        || Response:
{}                                                           || {
                                                             ||   "success": true,
                                                             ||   "message": "Users fetched successfully",
                                                             ||   "data": [
                                                             ||     {
                                                             ||       "_id": "690c9d20b6885487f94046c1",
                                                             ||       "name": "Kevan Vora",
                                                             ||       "email": "vora@example.com",
                                                             ||       "age": 27,
                                                             ||       "userType": "Admin",
                                                             ||       "createdAt": "2025-11-06T13:05:36.636Z",
                                                             ||       "updatedAt": "2025-11-07T11:01:47.957Z",
                                                             ||       "__v": 0,
                                                             ||       "fcmToken": "asfasfsadf"
                                                             ||     },
                                                             ||     {
                                                             ||       "_id": "690da4c38d8d6922bbaaf8c9",
                                                             ||       "name": "Dilshad",
                                                             ||       "email": "dalam@gmail.com",
                                                             ||       "userType": "Admin",
                                                             ||       "createdAt": "2025-11-07T07:50:27.926Z",
                                                             ||       "updatedAt": "2025-11-07T07:50:27.926Z",
                                                             ||       "__v": 0
                                                             ||     }
                                                             ||   ]
                                                             || }
====================================================================================================

====================================================================================================
TIMESTAMP             | REQUEST ID                           | METHOD | STATUS | TIME  | URL
----------------------------------------------------------------------------------------------------
2025-11-07 11:11:32   | 00760fa6-e099-4caf-aa5d-ee32e12ca553 | GET    | 200    | 43ms  | /api/users/get-all-users/
Body:                                                        || Response:
{}                                                           || {
                                                             ||   "success": true,
                                                             ||   "message": "Users fetched successfully",
                                                             ||   "data": [
                                                             ||     {
                                                             ||       "_id": "690c9d20b6885487f94046c1",
                                                             ||       "name": "Kevan Vora",
                                                             ||       "email": "vora@example.com",
                                                             ||       "age": 27,
                                                             ||       "userType": "Admin",
                                                             ||       "createdAt": "2025-11-06T13:05:36.636Z",
                                                             ||       "updatedAt": "2025-11-07T11:01:47.957Z",
                                                             ||       "__v": 0,
                                                             ||       "fcmToken": "asfasfsadf"
                                                             ||     },
                                                             ||     {
                                                             ||       "_id": "690da4c38d8d6922bbaaf8c9",
                                                             ||       "name": "Dilshad",
                                                             ||       "email": "dalam@gmail.com",
                                                             ||       "userType": "Admin",
                                                             ||       "createdAt": "2025-11-07T07:50:27.926Z",
                                                             ||       "updatedAt": "2025-11-07T07:50:27.926Z",
                                                             ||       "__v": 0
                                                             ||     }
                                                             ||   ]
                                                             || }
====================================================================================================

====================================================================================================
TIMESTAMP             | REQUEST ID                           | METHOD | STATUS | TIME  | URL
----------------------------------------------------------------------------------------------------
2025-11-07 11:11:51   | e738220d-e7b1-44a5-b53e-40ecc673659d | PATCH  | 200    | 82ms  | /api/users/logout
Body:                                                        || Response:
{}                                                           || {
                                                             ||   "success": true,
                                                             ||   "message": "User logged out successfully.",
                                                             ||   "data": {
                                                             ||     "_id": "690c9d20b6885487f94046c1",
                                                             ||     "name": "Kevan Vora",
                                                             ||     "email": "vora@example.com",
                                                             ||     "age": 27,
                                                             ||     "userType": "Admin",
                                                             ||     "createdAt": "2025-11-06T13:05:36.636Z",
                                                             ||     "updatedAt": "2025-11-07T11:01:47.957Z",
                                                             ||     "__v": 0
                                                             ||   }
                                                             || }
====================================================================================================

====================================================================================================
TIMESTAMP             | REQUEST ID                           | METHOD | STATUS | TIME  | URL
----------------------------------------------------------------------------------------------------
2025-11-07 11:12:23   | c07b525f-c9f3-4119-80e6-257952886b4f | PATCH  | 200    | 67ms  | /api/users/logout
Body:                                                        || Response:
{}                                                           || {
                                                             ||   "success": true,
                                                             ||   "message": "User logged out successfully.",
                                                             ||   "data": {
                                                             ||     "_id": "690c9d20b6885487f94046c1",
                                                             ||     "name": "Kevan Vora",
                                                             ||     "email": "vora@example.com",
                                                             ||     "age": 27,
                                                             ||     "userType": "Admin",
                                                             ||     "createdAt": "2025-11-06T13:05:36.636Z",
                                                             ||     "updatedAt": "2025-11-07T11:01:47.957Z",
                                                             ||     "__v": 0
                                                             ||   }
                                                             || }
====================================================================================================

====================================================================================================
TIMESTAMP             | REQUEST ID                           | METHOD | STATUS | TIME  | URL
----------------------------------------------------------------------------------------------------
2025-11-07 11:12:37   | 1b12c7ac-9de4-4b9d-b0cb-6cae1cd21bca | PATCH  | 200    | 69ms  | /api/users/logout
Body:                                                        || Response:
{}                                                           || {
                                                             ||   "success": true,
                                                             ||   "message": "User logged out successfully.",
                                                             ||   "data": {
                                                             ||     "_id": "690c9d20b6885487f94046c1",
                                                             ||     "name": "Kevan Vora",
                                                             ||     "email": "vora@example.com",
                                                             ||     "age": 27,
                                                             ||     "userType": "Admin",
                                                             ||     "createdAt": "2025-11-06T13:05:36.636Z",
                                                             ||     "updatedAt": "2025-11-07T11:01:47.957Z",
                                                             ||     "__v": 0
                                                             ||   }
                                                             || }
====================================================================================================

====================================================================================================
TIMESTAMP             | REQUEST ID                           | METHOD | STATUS | TIME  | URL
----------------------------------------------------------------------------------------------------
2025-11-07 11:12:45   | d889d97f-e9d1-455b-9b32-d75f06f24bcd | GET    | 200    | 41ms  | /api/users/get-all-users/
Body:                                                        || Response:
{}                                                           || {
                                                             ||   "success": true,
                                                             ||   "message": "Users fetched successfully",
                                                             ||   "data": [
                                                             ||     {
                                                             ||       "_id": "690c9d20b6885487f94046c1",
                                                             ||       "name": "Kevan Vora",
                                                             ||       "email": "vora@example.com",
                                                             ||       "age": 27,
                                                             ||       "userType": "Admin",
                                                             ||       "createdAt": "2025-11-06T13:05:36.636Z",
                                                             ||       "updatedAt": "2025-11-07T11:12:37.087Z",
                                                             ||       "__v": 0
                                                             ||     },
                                                             ||     {
                                                             ||       "_id": "690da4c38d8d6922bbaaf8c9",
                                                             ||       "name": "Dilshad",
                                                             ||       "email": "dalam@gmail.com",
                                                             ||       "userType": "Admin",
                                                             ||       "createdAt": "2025-11-07T07:50:27.926Z",
                                                             ||       "updatedAt": "2025-11-07T07:50:27.926Z",
                                                             ||       "__v": 0
                                                             ||     }
                                                             ||   ]
                                                             || }
====================================================================================================

====================================================================================================
TIMESTAMP             | REQUEST ID                           | METHOD | STATUS | TIME  | URL
----------------------------------------------------------------------------------------------------
2025-11-07 13:03:12   | 82fff9ca-ae4f-4f2b-ba3c-e16e62d0c922 | GET    | 400    | 34ms  | /api/users/overdue-todo
Body:                                                        || Response:
{}                                                           || {
                                                             ||   "success": false,
                                                             ||   "message": "Route not found"
                                                             || }
====================================================================================================

====================================================================================================
TIMESTAMP             | REQUEST ID                           | METHOD | STATUS | TIME  | URL
----------------------------------------------------------------------------------------------------
2025-11-07 13:03:13   | ff90b1e6-97e6-44cf-9b04-b69f35374ad4 | GET    | 400    | 31ms  | /api/users/overdue-todo
Body:                                                        || Response:
{}                                                           || {
                                                             ||   "success": false,
                                                             ||   "message": "Route not found"
                                                             || }
====================================================================================================

====================================================================================================
TIMESTAMP             | REQUEST ID                           | METHOD | STATUS | TIME  | URL
----------------------------------------------------------------------------------------------------
2025-11-07 13:03:14   | 2561398b-2525-4e36-a024-d6079fc12e97 | GET    | 400    | 37ms  | /api/users/overdue-todo
Body:                                                        || Response:
{}                                                           || {
                                                             ||   "success": false,
                                                             ||   "message": "Route not found"
                                                             || }
====================================================================================================

====================================================================================================
TIMESTAMP             | REQUEST ID                           | METHOD | STATUS | TIME  | URL
----------------------------------------------------------------------------------------------------
2025-11-07 13:03:15   | aabc78f8-ccbd-4330-b14a-29745fe52d86 | GET    | 400    | 30ms  | /api/users/overdue-todo
Body:                                                        || Response:
{}                                                           || {
                                                             ||   "success": false,
                                                             ||   "message": "Route not found"
                                                             || }
====================================================================================================

====================================================================================================
TIMESTAMP             | REQUEST ID                           | METHOD | STATUS | TIME  | URL
----------------------------------------------------------------------------------------------------
2025-11-07 13:03:15   | ce26434b-79dc-4b9a-878b-deb2c538c196 | GET    | 400    | 29ms  | /api/users/overdue-todo
Body:                                                        || Response:
{}                                                           || {
                                                             ||   "success": false,
                                                             ||   "message": "Route not found"
                                                             || }
====================================================================================================

====================================================================================================
TIMESTAMP             | REQUEST ID                           | METHOD | STATUS | TIME  | URL
----------------------------------------------------------------------------------------------------
2025-11-07 13:03:16   | c5c5fccb-1481-4bd3-83c5-28507065648a | GET    | 400    | 29ms  | /api/users/overdue-todo
Body:                                                        || Response:
{}                                                           || {
                                                             ||   "success": false,
                                                             ||   "message": "Route not found"
                                                             || }
====================================================================================================

====================================================================================================
TIMESTAMP             | REQUEST ID                           | METHOD | STATUS | TIME  | URL
----------------------------------------------------------------------------------------------------
2025-11-07 13:03:22   | 8a669b0b-3a51-4e62-b973-153feefdbfce | GET    | 400    | 45ms  | /api/users/overdue-todo
Body:                                                        || Response:
{}                                                           || {
                                                             ||   "success": false,
                                                             ||   "message": "Route not found"
                                                             || }
====================================================================================================

====================================================================================================
TIMESTAMP             | REQUEST ID                           | METHOD | STATUS | TIME  | URL
----------------------------------------------------------------------------------------------------
2025-11-07 13:03:23   | 5e713836-ffdb-4332-aaa8-217cbbd305be | GET    | 400    | 31ms  | /api/users/overdue-todo
Body:                                                        || Response:
{}                                                           || {
                                                             ||   "success": false,
                                                             ||   "message": "Route not found"
                                                             || }
====================================================================================================

====================================================================================================
TIMESTAMP             | REQUEST ID                           | METHOD | STATUS | TIME  | URL
----------------------------------------------------------------------------------------------------
2025-11-07 13:03:24   | b7fa1223-864d-4a0c-9b5d-47a5c638af77 | GET    | 400    | 30ms  | /api/users/overdue-todo
Body:                                                        || Response:
{}                                                           || {
                                                             ||   "success": false,
                                                             ||   "message": "Route not found"
                                                             || }
====================================================================================================

====================================================================================================
TIMESTAMP             | REQUEST ID                           | METHOD | STATUS | TIME  | URL
----------------------------------------------------------------------------------------------------
2025-11-07 13:03:25   | 1e4e62a6-a009-4f39-b0ad-50c9617e4410 | GET    | 400    | 28ms  | /api/users/overdue-todo
Body:                                                        || Response:
{}                                                           || {
                                                             ||   "success": false,
                                                             ||   "message": "Route not found"
                                                             || }
====================================================================================================

====================================================================================================
TIMESTAMP             | REQUEST ID                           | METHOD | STATUS | TIME  | URL
----------------------------------------------------------------------------------------------------
2025-11-07 13:03:51   | 28c673a4-7245-4f94-bd07-21430e2f36ed | GET    | 400    | 0ms   | /api/todo/overdue-todo
Body:                                                        || Response:
{}                                                           || {
                                                             ||   "success": false,
                                                             ||   "message": "Route not found"
                                                             || }
====================================================================================================

====================================================================================================
TIMESTAMP             | REQUEST ID                           | METHOD | STATUS | TIME  | URL
----------------------------------------------------------------------------------------------------
2025-11-07 13:03:55   | f0268935-31fe-416c-90e1-a74a08bfcd5e | GET    | 200    | 67ms  | /api/todos/overdue-todo
Body:                                                        || Response:
{}                                                           || {
                                                             ||   "success": true,
                                                             ||   "message": "Overdue todo fetched",
                                                             ||   "data": [
                                                             ||     {
                                                             ||       "_id": "690de971ff466e34d4107a67",
                                                             ||       "title": "Complete project documentation Test",
                                                             ||       "description": "Alam",
                                                             ||       "completed": false,
                                                             ||       "priority": "High",
                                                             ||       "dueDate": "2025-11-05T00:00:00.000Z",
                                                             ||       "user": "690c9d20b6885487f94046c1",
                                                             ||       "createdAt": "2025-11-07T12:43:29.583Z",
                                                             ||       "updatedAt": "2025-11-07T12:43:29.583Z",
                                                             ||       "__v": 0
                                                             ||     },
                                                             ||     {
                                                             ||       "_id": "690de968ff466e34d4107a64",
                                                             ||       "title": "Complete project documentation",
                                                             ||       "description": "Alam",
                                                             ||       "completed": false,
                                                             ||       "priority": "High",
                                                             ||       "dueDate": "2025-11-06T00:00:00.000Z",
                                                             ||       "user": "690c9d20b6885487f94046c1",
                                                             ||       "createdAt": "2025-11-07T12:43:20.682Z",
                                                             ||       "updatedAt": "2025-11-07T12:43:20.682Z",
                                                             ||       "__v": 0
                                                             ||     }
                                                             ||   ]
                                                             || }
====================================================================================================
